{"/Users/bhaskar/Development/secretmission/freshbooks/api-starterapp/src/app.ts": {"path":"/Users/bhaskar/Development/secretmission/freshbooks/api-starterapp/src/app.ts","statementMap":{"0":{"start":{"line":1,"column":0},"end":{"line":1,"column":41}},"1":{"start":{"line":2,"column":0},"end":{"line":2,"column":27}},"2":{"start":{"line":3,"column":0},"end":{"line":3,"column":31}},"3":{"start":{"line":4,"column":0},"end":{"line":4,"column":46}},"4":{"start":{"line":5,"column":0},"end":{"line":5,"column":43}},"5":{"start":{"line":11,"column":18},"end":{"line":11,"column":45}},"6":{"start":{"line":12,"column":22},"end":{"line":12,"column":53}},"7":{"start":{"line":13,"column":21},"end":{"line":13,"column":51}},"8":{"start":{"line":21,"column":16},"end":{"line":21,"column":39}},"9":{"start":{"line":22,"column":1},"end":{"line":31,"column":null}},"10":{"start":{"line":23,"column":14},"end":{"line":23,"column":37}},"11":{"start":{"line":24,"column":2},"end":{"line":28,"column":null}},"12":{"start":{"line":25,"column":3},"end":{"line":25,"column":null}},"13":{"start":{"line":27,"column":3},"end":{"line":27,"column":null}},"14":{"start":{"line":30,"column":2},"end":{"line":30,"column":null}},"15":{"start":{"line":34,"column":12},"end":{"line":34,"column":71}},"16":{"start":{"line":35,"column":0},"end":{"line":35,"column":null}},"17":{"start":{"line":38,"column":19},"end":{"line":38,"column":27}},"18":{"start":{"line":39,"column":0},"end":{"line":52,"column":null}},"19":{"start":{"line":45,"column":18},"end":{"line":45,"column":29}},"20":{"start":{"line":46,"column":2},"end":{"line":50,"column":null}},"21":{"start":{"line":47,"column":3},"end":{"line":47,"column":null}},"22":{"start":{"line":49,"column":3},"end":{"line":49,"column":null}},"23":{"start":{"line":54,"column":0},"end":{"line":54,"column":null}},"24":{"start":{"line":56,"column":0},"end":{"line":56,"column":null}}},"fnMap":{"0":{"name":"verifyFn","decl":{"start":{"line":15,"column":15},"end":{"line":15,"column":23}},"loc":{"start":{"line":19,"column":75},"end":{"line":32,"column":null}}},"1":{"name":"(anonymous_10)","decl":{"start":{"line":44,"column":1},"end":{"line":44,"column":2}},"loc":{"start":{"line":44,"column":34},"end":{"line":51,"column":2}}}},"branchMap":{"0":{"loc":{"start":{"line":11,"column":18},"end":{"line":11,"column":39}},"type":"binary-expr","locations":[{"start":{"line":11,"column":18},"end":{"line":11,"column":39}},{"start":{"line":11,"column":43},"end":{"line":11,"column":45}}]},"1":{"loc":{"start":{"line":12,"column":22},"end":{"line":12,"column":47}},"type":"binary-expr","locations":[{"start":{"line":12,"column":22},"end":{"line":12,"column":47}},{"start":{"line":12,"column":51},"end":{"line":12,"column":53}}]},"2":{"loc":{"start":{"line":13,"column":21},"end":{"line":13,"column":45}},"type":"binary-expr","locations":[{"start":{"line":13,"column":21},"end":{"line":13,"column":45}},{"start":{"line":13,"column":49},"end":{"line":13,"column":51}}]},"3":{"loc":{"start":{"line":24,"column":2},"end":{"line":28,"column":null}},"type":"if","locations":[{"start":{"line":24,"column":2},"end":{"line":28,"column":null}},{"start":{"line":24,"column":2},"end":{"line":28,"column":null}}]},"4":{"loc":{"start":{"line":46,"column":2},"end":{"line":50,"column":null}},"type":"if","locations":[{"start":{"line":46,"column":2},"end":{"line":50,"column":null}},{"start":{"line":46,"column":2},"end":{"line":50,"column":null}}]}},"s":{"0":1,"1":1,"2":1,"3":1,"4":1,"5":1,"6":1,"7":1,"8":0,"9":0,"10":0,"11":0,"12":0,"13":0,"14":0,"15":1,"16":1,"17":1,"18":1,"19":0,"20":0,"21":0,"22":0,"23":1,"24":1},"f":{"0":0,"1":0},"b":{"0":[1,0],"1":[1,0],"2":[1,0],"3":[0,0],"4":[0,0]}}
}
