TN:
SF:/Users/bhaskar/Development/secretmission/freshbooks/api-starterapp/src/app.ts
FN:15,verifyFn
FN:44,(anonymous_10)
FNF:2
FNH:0
FNDA:0,verifyFn
FNDA:0,(anonymous_10)
DA:1,1
DA:2,1
DA:3,1
DA:4,1
DA:5,1
DA:11,1
DA:12,1
DA:13,1
DA:21,0
DA:22,0
DA:23,0
DA:24,0
DA:25,0
DA:27,0
DA:30,0
DA:34,1
DA:35,1
DA:38,1
DA:39,1
DA:45,0
DA:46,0
DA:47,0
DA:49,0
DA:54,1
DA:56,1
LF:25
LH:14
BRDA:11,0,0,1
BRDA:11,0,1,0
BRDA:12,1,0,1
BRDA:12,1,1,0
BRDA:13,2,0,1
BRDA:13,2,1,0
BRDA:24,3,0,0
BRDA:24,3,1,0
BRDA:46,4,0,0
BRDA:46,4,1,0
BRF:10
BRH:3
end_of_record
